<?xml version="1.0" encoding="UTF-8"?>
<robot generator="Robot 7.0.1 (Python 3.11.5 on darwin)" generated="2024-08-06T01:21:45.074296" rpa="false" schemaversion="5">
<suite id="s1" name="Tc" source="/Users/ranvirkumarsharma/PycharmProjects/robotframework/robot/tc.robot">
<test id="s1-t1" name="OpenWebsite" line="7">
<kw name="Open Browser" owner="SeleniumLibrary">
<msg time="2024-08-06T01:21:45.709286" level="INFO">Opening browser 'chrome' to base url 'https://robotframework.org/SeleniumLibrary/SeleniumLibrary.html#Open%20Browser'.</msg>
<arg>https://robotframework.org/SeleniumLibrary/SeleniumLibrary.html#Open%20Browser</arg>
<arg>chrome</arg>
<doc>Opens a new browser instance to the optional ``url``.</doc>
<status status="PASS" start="2024-08-06T01:21:45.708944" elapsed="9.284330"/>
</kw>
<kw name="Close Browser" owner="SeleniumLibrary">
<doc>Closes the current browser.</doc>
<status status="PASS" start="2024-08-06T01:21:54.994493" elapsed="0.181452"/>
</kw>
<status status="PASS" start="2024-08-06T01:21:45.707782" elapsed="9.468661"/>
</test>
<status status="PASS" start="2024-08-06T01:21:45.077260" elapsed="10.099937"/>
</suite>
<statistics>
<total>
<stat pass="1" fail="0" skip="0">All Tests</stat>
</total>
<tag>
</tag>
<suite>
<stat pass="1" fail="0" skip="0" id="s1" name="Tc">Tc</stat>
</suite>
</statistics>
<errors>
</errors>
</robot>
